<?xml version="1.0" encoding="UTF-8"?>
<testsuite xmlns:xsi="http://www.w3.org/2001/XMLSchema-instance" xsi:noNamespaceSchemaLocation="https://maven.apache.org/surefire/maven-surefire-plugin/xsd/surefire-test-report-3.0.xsd" version="3.0" name="TestSuite" time="0.984" tests="5" errors="0" skipped="0" failures="1">
  <properties>
[...]
</properties>
  <testcase name="createUser_withValidData_shouldCreatedSuccessfully" classname="com.n26.UserTests" time="0.533">
    <system-out><![CDATA[Request method:	POST
Request URI:	http://localhost:8080/api/v3/user
Proxy:			<none>
Request params:	<none>
Query params:	<none>
Form params:	<none>
Path params:	<none>
Headers:		Accept=*/*
				Content-Type=application/json
Cookies:		<none>
Multiparts:		<none>
Body:
{
    "id": 10,
    "username": "AutomationUser",
    "firstName": "John",
    "lastName": "James",
    "email": "john@email.com",
    "password": "12345",
    "phone": "12345",
    "userStatus": 1
}
HTTP/1.1 200 OK
Date: Mon, 07 Apr 2025 23:27:05 GMT
Access-Control-Allow-Origin: *
Access-Control-Allow-Methods: GET, POST, DELETE, PUT
Access-Control-Allow-Headers: Content-Type, api_key, Authorization
Access-Control-Expose-Headers: Content-Disposition
Content-Type: application/json
Content-Length: 150
Server: Jetty(9.4.53.v20231009)

{
    "id": 10,
    "username": "AutomationUser",
    "firstName": "John",
    "lastName": "James",
    "email": "john@email.com",
    "password": "12345",
    "phone": "12345",
    "userStatus": 1
}
]]></system-out>
    <system-err><![CDATA[SLF4J: Failed to load class "org.slf4j.impl.StaticLoggerBinder".
SLF4J: Defaulting to no-operation (NOP) logger implementation
SLF4J: See http://www.slf4j.org/codes.html#StaticLoggerBinder for further details.
]]></system-err>
  </testcase>
  <testcase name="getUserDetail_ByValidUsername" classname="com.n26.UserTests" time="0.029">
    <system-out><![CDATA[flushing report
Request method:	GET
Request URI:	http://localhost:8080/api/v3/user/AutomationUser
Proxy:			<none>
Request params:	<none>
Query params:	<none>
Form params:	<none>
Path params:	<none>
Headers:		Accept=*/*
				Content-Type=application/json
Cookies:		<none>
Multiparts:		<none>
Body:			<none>
HTTP/1.1 200 OK
Date: Mon, 07 Apr 2025 23:27:05 GMT
Access-Control-Allow-Origin: *
Access-Control-Allow-Methods: GET, POST, DELETE, PUT
Access-Control-Allow-Headers: Content-Type, api_key, Authorization
Access-Control-Expose-Headers: Content-Disposition
Content-Type: application/json
Content-Length: 150
Server: Jetty(9.4.53.v20231009)

{
    "id": 10,
    "username": "AutomationUser",
    "firstName": "John",
    "lastName": "James",
    "email": "john@email.com",
    "password": "12345",
    "phone": "12345",
    "userStatus": 1
}
]]></system-out>
  </testcase>
  <testcase name="updateUserDetail_withValidData_shouldBeUpdatedSuccessfully" classname="com.n26.UserTests" time="0.014">
    <system-out><![CDATA[flushing report
Request method:	PUT
Request URI:	http://localhost:8080/api/v3/user/AutomationUser
Proxy:			<none>
Request params:	<none>
Query params:	<none>
Form params:	<none>
Path params:	<none>
Headers:		Accept=*/*
				Content-Type=application/json
Cookies:		<none>
Multiparts:		<none>
Body:
{
    "id": 10,
    "username": "John wick",
    "firstName": "John",
    "lastName": "James",
    "email": "john@email.com",
    "password": "12345",
    "phone": "12345",
    "userStatus": 1
}
HTTP/1.1 200 OK
Date: Mon, 07 Apr 2025 23:27:05 GMT
Access-Control-Allow-Origin: *
Access-Control-Allow-Methods: GET, POST, DELETE, PUT
Access-Control-Allow-Headers: Content-Type, api_key, Authorization
Access-Control-Expose-Headers: Content-Disposition
Content-Type: application/json
Content-Length: 145
Server: Jetty(9.4.53.v20231009)

{
    "id": 10,
    "username": "John wick",
    "firstName": "John",
    "lastName": "James",
    "email": "john@email.com",
    "password": "12345",
    "phone": "12345",
    "userStatus": 1
}
]]></system-out>
  </testcase>
  <testcase name="deleteUser_withValidData_shouldBeDeletedSuccessfully" classname="com.n26.UserTests" time="0.042">
    <system-out><![CDATA[flushing report
Request method:	DELETE
Request URI:	http://localhost:8080/api/v3/user/John%20wick
Proxy:			<none>
Request params:	<none>
Query params:	<none>
Form params:	<none>
Path params:	<none>
Headers:		Accept=*/*
				Content-Type=application/json
Cookies:		<none>
Multiparts:		<none>
Body:			<none>
HTTP/1.1 200 OK
Date: Mon, 07 Apr 2025 23:27:05 GMT
Access-Control-Allow-Origin: *
Access-Control-Allow-Methods: GET, POST, DELETE, PUT
Access-Control-Allow-Headers: Content-Type, api_key, Authorization
Access-Control-Expose-Headers: Content-Disposition
Content-Length: 0
Server: Jetty(9.4.53.v20231009)
Request method:	GET
Request URI:	http://localhost:8080/api/v3/user/John%20wick
Proxy:			<none>
Request params:	<none>
Query params:	<none>
Form params:	<none>
Path params:	<none>
Headers:		Accept=*/*
				Content-Type=application/json
Cookies:		<none>
Multiparts:		<none>
Body:			<none>
HTTP/1.1 404 Not Found
Date: Mon, 07 Apr 2025 23:27:05 GMT
Access-Control-Allow-Origin: *
Access-Control-Allow-Methods: GET, POST, DELETE, PUT
Access-Control-Allow-Headers: Content-Type, api_key, Authorization
Access-Control-Expose-Headers: Content-Disposition
Content-Type: application/xml
Content-Length: 14
Server: Jetty(9.4.53.v20231009)

User not found
]]></system-out>
    <system-err><![CDATA[[Fatal Error] :1:1: Content is not allowed in prolog.
]]></system-err>
  </testcase>
  <testcase name="getUser_withInvalidData_errorInresponse" classname="com.n26.FailedUserTest" time="0.012">
    <failure message="Actual value is 404 But Expected Value is : 200" type="java.lang.AssertionError"><![CDATA[java.lang.AssertionError: Actual value is 404 But Expected Value is : 200
	at org.testng.Assert.fail(Assert.java:110)
	at com.n26.ApiActionsManager.RestAssuredActions.validateStatusCode(RestAssuredActions.java:143)
	at com.n26.FailedUserTest.getUser_withInvalidData_errorInresponse(FailedUserTest.java:28)
	at java.base/jdk.internal.reflect.DirectMethodHandleAccessor.invoke(DirectMethodHandleAccessor.java:103)
	at java.base/java.lang.reflect.Method.invoke(Method.java:580)
	at org.testng.internal.invokers.MethodInvocationHelper.invokeMethod(MethodInvocationHelper.java:135)
	at org.testng.internal.invokers.TestInvoker.invokeMethod(TestInvoker.java:673)
	at org.testng.internal.invokers.TestInvoker.invokeTestMethod(TestInvoker.java:220)
	at org.testng.internal.invokers.MethodRunner.runInSequence(MethodRunner.java:50)
	at org.testng.internal.invokers.TestInvoker$MethodInvocationAgent.invoke(TestInvoker.java:945)
	at org.testng.internal.invokers.TestInvoker.invokeTestMethods(TestInvoker.java:193)
	at org.testng.internal.invokers.TestMethodWorker.invokeTestMethods(TestMethodWorker.java:146)
	at org.testng.internal.invokers.TestMethodWorker.run(TestMethodWorker.java:128)
	at java.base/java.util.ArrayList.forEach(ArrayList.java:1597)
	at org.testng.TestRunner.privateRun(TestRunner.java:808)
	at org.testng.TestRunner.run(TestRunner.java:603)
	at org.testng.SuiteRunner.runTest(SuiteRunner.java:429)
	at org.testng.SuiteRunner.runSequentially(SuiteRunner.java:423)
	at org.testng.SuiteRunner.privateRun(SuiteRunner.java:383)
	at org.testng.SuiteRunner.run(SuiteRunner.java:326)
	at org.testng.SuiteRunnerWorker.runSuite(SuiteRunnerWorker.java:52)
	at org.testng.SuiteRunnerWorker.run(SuiteRunnerWorker.java:95)
	at org.testng.TestNG.runSuitesSequentially(TestNG.java:1249)
	at org.testng.TestNG.runSuitesLocally(TestNG.java:1169)
	at org.testng.TestNG.runSuites(TestNG.java:1092)
	at org.testng.TestNG.run(TestNG.java:1060)
	at org.apache.maven.surefire.testng.TestNGExecutor.run(TestNGExecutor.java:155)
	at org.apache.maven.surefire.testng.TestNGDirectoryTestSuite.executeMulti(TestNGDirectoryTestSuite.java:169)
	at org.apache.maven.surefire.testng.TestNGDirectoryTestSuite.execute(TestNGDirectoryTestSuite.java:88)
	at org.apache.maven.surefire.testng.TestNGProvider.invoke(TestNGProvider.java:137)
	at org.apache.maven.surefire.booter.ForkedBooter.runSuitesInProcess(ForkedBooter.java:385)
	at org.apache.maven.surefire.booter.ForkedBooter.execute(ForkedBooter.java:162)
	at org.apache.maven.surefire.booter.ForkedBooter.run(ForkedBooter.java:507)
	at org.apache.maven.surefire.booter.ForkedBooter.main(ForkedBooter.java:495)
]]></failure>
    <system-out><![CDATA[flushing report
Request method:	GET
Request URI:	http://localhost:8080/api/v3/user/jatindandona
Proxy:			<none>
Request params:	<none>
Query params:	<none>
Form params:	<none>
Path params:	<none>
Headers:		Accept=*/*
				Content-Type=application/json
Cookies:		<none>
Multiparts:		<none>
Body:			<none>
HTTP/1.1 404 Not Found
Date: Mon, 07 Apr 2025 23:27:05 GMT
Access-Control-Allow-Origin: *
Access-Control-Allow-Methods: GET, POST, DELETE, PUT
Access-Control-Allow-Headers: Content-Type, api_key, Authorization
Access-Control-Expose-Headers: Content-Disposition
Content-Type: application/xml
Content-Length: 14
Server: Jetty(9.4.53.v20231009)

User not found
]]></system-out>
    <system-err><![CDATA[[Fatal Error] :1:1: Content is not allowed in prolog.
]]></system-err>
  </testcase>
</testsuite>